Build started 1/16/2013 6:39:48 PM.
     1>Project "C:\Users\sircuddles\Documents\Visual Studio 2010\Projects\Dropbox\Tic Tac Joe\Tic Tac Joe\Tic Tac Joe.vcxproj" on node 2 (build target(s)).
     1>InitializeBuildStatus:
         Creating "Debug\Tic Tac Joe.unsuccessfulbuild" because "AlwaysCreate" was specified.
       ClCompile:
         D:\Program Files\Microsoft Visual Studio 10.0\VC\bin\CL.exe /c /ZI /nologo /W3 /WX- /Od /Oy- /D _MBCS /Gm /EHsc /RTC1 /MDd /GS /fp:precise /Zc:wchar_t /Zc:forScope /Fo"Debug\\" /Fd"Debug\vc100.pdb" /Gd /TP /analyze- /errorReport:prompt GameGrid.cpp main.cpp
         main.cpp
         GameGrid.cpp
     1>c:\users\sircuddles\documents\visual studio 2010\projects\dropbox\tic tac joe\tic tac joe\gamegrid.cpp(38): warning C4244: 'argument' : conversion from 'int' to 'float', possible loss of data
     1>c:\users\sircuddles\documents\visual studio 2010\projects\dropbox\tic tac joe\tic tac joe\gamegrid.cpp(38): warning C4244: 'argument' : conversion from 'int' to 'float', possible loss of data
     1>c:\users\sircuddles\documents\visual studio 2010\projects\dropbox\tic tac joe\tic tac joe\gamegrid.cpp(43): warning C4244: 'argument' : conversion from 'int' to 'float', possible loss of data
     1>c:\users\sircuddles\documents\visual studio 2010\projects\dropbox\tic tac joe\tic tac joe\gamegrid.cpp(43): warning C4244: 'argument' : conversion from 'int' to 'float', possible loss of data
         Generating Code...
       Link:
         D:\Program Files\Microsoft Visual Studio 10.0\VC\bin\link.exe /ERRORREPORT:PROMPT /OUT:"C:\Users\sircuddles\Documents\Visual Studio 2010\Projects\Dropbox\Tic Tac Joe\Debug\Tic Tac Joe.exe" /NOLOGO "sfml-window-d.lib" "sfml-graphics-d.lib" "sfml-system-d.lib" kernel32.lib user32.lib gdi32.lib winspool.lib comdlg32.lib advapi32.lib shell32.lib ole32.lib oleaut32.lib uuid.lib odbc32.lib odbccp32.lib /MANIFEST /ManifestFile:"Debug\Tic Tac Joe.exe.intermediate.manifest" /MANIFESTUAC:"level='asInvoker' uiAccess='false'" /DEBUG /PDB:"C:\Users\sircuddles\Documents\Visual Studio 2010\Projects\Dropbox\Tic Tac Joe\Debug\Tic Tac Joe.pdb" /TLBID:1 /DYNAMICBASE /NXCOMPAT /IMPLIB:"C:\Users\sircuddles\Documents\Visual Studio 2010\Projects\Dropbox\Tic Tac Joe\Debug\Tic Tac Joe.lib" /MACHINE:X86 Debug\GameBoard.obj
         Debug\GameGrid.obj
         Debug\GridElement.obj
         Debug\main.obj
         LINK : C:\Users\sircuddles\Documents\Visual Studio 2010\Projects\Dropbox\Tic Tac Joe\Debug\Tic Tac Joe.exe not found or not built by the last incremental link; performing full link
         Tic Tac Joe.vcxproj -> C:\Users\sircuddles\Documents\Visual Studio 2010\Projects\Dropbox\Tic Tac Joe\Debug\Tic Tac Joe.exe
       Manifest:
         C:\Program Files (x86)\Microsoft SDKs\Windows\v7.0A\bin\mt.exe /nologo /verbose /outputresource:"C:\Users\sircuddles\Documents\Visual Studio 2010\Projects\Dropbox\Tic Tac Joe\Debug\Tic Tac Joe.exe;#1" /manifest "Debug\Tic Tac Joe.exe.intermediate.manifest"
       FinalizeBuildStatus:
         Deleting file "Debug\Tic Tac Joe.unsuccessfulbuild".
         Touching "Debug\Tic Tac Joe.lastbuildstate".
     1>Done Building Project "C:\Users\sircuddles\Documents\Visual Studio 2010\Projects\Dropbox\Tic Tac Joe\Tic Tac Joe\Tic Tac Joe.vcxproj" (build target(s)).

Build succeeded.

Time Elapsed 00:00:01.03
